<?xml version="1.0" encoding="UTF-8"?>
<robot generator="Robot 7.0.1 (Python 3.11.9 on darwin)" generated="2024-06-20T16:51:56.171013" rpa="false" schemaversion="5">
<suite id="s1" name="Login" source="/Users/sanyanee/BecWorld/automation-test/robottest/login.robot">
<kw name="Open Browser" owner="SeleniumLibrary" type="SETUP">
<msg time="2024-06-20T16:51:56.282216" level="INFO">Opening browser 'Chrome' to base url 'https://ch3plus.com/'.</msg>
<arg>${LOGIN_URL}</arg>
<arg>${BROWSER}</arg>
<doc>Opens a new browser instance to the optional ``url``.</doc>
<status status="PASS" start="2024-06-20T16:51:56.282019" elapsed="7.274534"/>
</kw>
<test id="s1-t1" name="TC-02 Login With Apple" line="36">
<kw name="Close Lightbox">
<kw name="Click Button" owner="SeleniumLibrary">
<msg time="2024-06-20T16:52:03.559866" level="INFO">Clicking button 'id=cover-lightbox-close'.</msg>
<arg>${LIGHTBOX_ELEMENT}</arg>
<doc>Clicks the button identified by ``locator``.</doc>
<status status="PASS" start="2024-06-20T16:52:03.559479" elapsed="0.071957"/>
</kw>
<arg>${LIGHTBOX_ELEMENT}</arg>
<status status="PASS" start="2024-06-20T16:52:03.559078" elapsed="0.072524"/>
</kw>
<kw name="Click Login">
<kw name="Click Link" owner="SeleniumLibrary">
<msg time="2024-06-20T16:52:03.633656" level="INFO">Clicking link 'xpath=//div[@class="nav-group"]/div[@class="register"]/a'.</msg>
<arg>xpath=//div[@class="nav-group"]/div[@class="register"]/a</arg>
<doc>Clicks a link identified by ``locator``.</doc>
<status status="PASS" start="2024-06-20T16:52:03.633426" elapsed="0.201298"/>
</kw>
<status status="PASS" start="2024-06-20T16:52:03.632287" elapsed="0.202708"/>
</kw>
<kw name="Select IFrame">
<kw name="Select Frame" owner="SeleniumLibrary">
<msg time="2024-06-20T16:52:03.836177" level="INFO">Selecting frame 'xpath=//iframe[@name="iframe-login"]'.</msg>
<arg>xpath=//iframe[@name="iframe-login"]</arg>
<doc>Sets frame identified by ``locator`` as the current frame.</doc>
<status status="PASS" start="2024-06-20T16:52:03.835886" elapsed="0.916754"/>
</kw>
<status status="PASS" start="2024-06-20T16:52:03.835398" elapsed="0.917381"/>
</kw>
<kw name="Wait Element">
<kw name="Wait Until Page Contains Element" owner="SeleniumLibrary">
<arg>${XPATH_ELEMENT}</arg>
<arg>timeout=10</arg>
<doc>Waits until the element ``locator`` appears on the current page.</doc>
<status status="PASS" start="2024-06-20T16:52:04.753570" elapsed="0.006557"/>
</kw>
<arg>${XPATH_USERNAME_ELEMENT}</arg>
<status status="PASS" start="2024-06-20T16:52:04.753037" elapsed="0.007206"/>
</kw>
<kw name="Click Apple Icon">
<kw name="Click Link" owner="SeleniumLibrary">
<msg time="2024-06-20T16:52:04.761439" level="INFO">Clicking link 'xpath=//div[@class="social-login-container"]/a[@class="btn-login log-Apple"]'.</msg>
<arg>xpath=//div[@class="social-login-container"]/a[@class="btn-login log-Apple"]</arg>
<doc>Clicks a link identified by ``locator``.</doc>
<status status="PASS" start="2024-06-20T16:52:04.761175" elapsed="0.283555"/>
</kw>
<status status="PASS" start="2024-06-20T16:52:04.760677" elapsed="0.284670"/>
</kw>
<doc>Test login with Apple</doc>
<tag>LOGIN</tag>
<status status="PASS" start="2024-06-20T16:52:03.557683" elapsed="1.492196"/>
</test>
<doc>Test cases for login.</doc>
<status status="PASS" start="2024-06-20T16:51:56.173461" elapsed="8.881079"/>
</suite>
<statistics>
<total>
<stat pass="1" fail="0" skip="0">All Tests</stat>
</total>
<tag>
<stat pass="1" fail="0" skip="0">LOGIN</stat>
</tag>
<suite>
<stat pass="1" fail="0" skip="0" id="s1" name="Login">Login</stat>
</suite>
</statistics>
<errors>
<msg time="2024-06-20T16:51:56.183741" level="WARN">Imported resource file '/Users/sanyanee/BecWorld/automation-test/resources/keyword.robot' is empty.</msg>
</errors>
</robot>
